[debug] [2026-02-25T21:31:01.785Z] [Firebase Plugin] Activating Firebase extension.
[debug] [2026-02-25T21:31:04.504Z] [Firebase Plugin] requireAuthWrapper
[debug] [2026-02-25T21:31:04.505Z] > command requires scopes: ["email","openid","https://www.googleapis.com/auth/cloudplatformprojects.readonly","https://www.googleapis.com/auth/firebase","https://www.googleapis.com/auth/cloud-platform"]
[debug] [2026-02-25T21:31:04.505Z] > authorizing via signed-in user (ac7x7x@gmail.com)
[debug] [2026-02-25T21:31:04.507Z] Checked if tokens are valid: false, expires at: 1772040589903
[debug] [2026-02-25T21:31:04.507Z] Checked if tokens are valid: false, expires at: 1772040589903
[debug] [2026-02-25T21:31:04.508Z] > refreshing access token with scopes: []
[debug] [2026-02-25T21:31:04.509Z] >>> [apiv2][query] POST https://www.googleapis.com/oauth2/v3/token [none]
[debug] [2026-02-25T21:31:04.509Z] >>> [apiv2][body] POST https://www.googleapis.com/oauth2/v3/token [omitted]
[debug] [2026-02-25T21:31:04.515Z] [Firebase Plugin] VSCode notification server listening on port 40001
[info] [Firebase Plugin] Starting Data Connect toolkit (version 3.1.4) on port 50001
[debug] [2026-02-25T21:31:04.803Z] 'fdc build' failed with error: Unable to build your Data Connect schema and connectors (exit code 1): E0226 05:31:04.770134    6468 cmd.go:43] Error loading data connect config: could not find dataconnect.yaml in `d:\7s\xuanwu\dataconnect`
 {"metadata":{"emulator":{"name":"dataconnect"},"message":"'fdc build' failed with error: Unable to build your Data Connect schema and connectors (exit code 1): E0226 05:31:04.770134    6468 cmd.go:43] Error loading data connect config: could not find dataconnect.yaml in `d:\\7s\\xuanwu\\dataconnect`\n"}}
[debug] [2026-02-25T21:31:04.803Z] Ignoring unsupported arg: auto_download {"metadata":{"emulator":{"name":"dataconnect"},"message":"Ignoring unsupported arg: auto_download"}}
[debug] [2026-02-25T21:31:04.803Z] Ignoring unsupported arg: port {"metadata":{"emulator":{"name":"dataconnect"},"message":"Ignoring unsupported arg: port"}}
[debug] [2026-02-25T21:31:04.804Z] Starting Data Connect Emulator with command {"binary":"C:\\Users\\122sp\\.cache\\firebase\\emulators\\dataconnect-emulator-3.1.4.exe","args":["--logtostderr","-v=2","dev","--listen=localhost:50001","--config_dir=d:\\7s\\xuanwu\\dataconnect","--enable_output_schema_extensions=true","--enable_output_generated_sdk=true"],"optionalArgs":["listen","config_dir","enable_output_schema_extensions","enable_output_generated_sdk"],"joinArgs":true,"shell":false,"port":9399} {"metadata":{"emulator":{"name":"dataconnect"},"message":"Starting Data Connect Emulator with command {\"binary\":\"C:\\\\Users\\\\122sp\\\\.cache\\\\firebase\\\\emulators\\\\dataconnect-emulator-3.1.4.exe\",\"args\":[\"--logtostderr\",\"-v=2\",\"dev\",\"--listen=localhost:50001\",\"--config_dir=d:\\\\7s\\\\xuanwu\\\\dataconnect\",\"--enable_output_schema_extensions=true\",\"--enable_output_generated_sdk=true\"],\"optionalArgs\":[\"listen\",\"config_dir\",\"enable_output_schema_extensions\",\"enable_output_generated_sdk\"],\"joinArgs\":true,\"shell\":false,\"port\":9399}"}}
[info] i  dataconnect: Data Connect Emulator logging to dataconnect-debug.log {"metadata":{"emulator":{"name":"dataconnect"},"message":"Data Connect Emulator logging to \u001b[1mdataconnect-debug.log\u001b[22m"}}
[debug] [2026-02-25T21:31:04.857Z] E0226 05:31:04.829482   17664 dev.go:83] Failed to load initial config from "d:\\7s\\xuanwu\\dataconnect": could not find dataconnect.yaml in `d:\7s\xuanwu\dataconnect`
 {"metadata":{"emulator":{"name":"dataconnect"},"message":"E0226 05:31:04.829482   17664 dev.go:83] Failed to load initial config from \"d:\\\\7s\\\\xuanwu\\\\dataconnect\": could not find dataconnect.yaml in `d:\\7s\\xuanwu\\dataconnect`\n"}}
[debug] [2026-02-25T21:31:04.858Z] E0226 05:31:04.857726   17664 watch.go:116] watchAllDir unable to walk dir `d:\7s\xuanwu\dataconnect`: CreateFile d:\7s\xuanwu\dataconnect: The system cannot find the file specified.
 {"metadata":{"emulator":{"name":"dataconnect"},"message":"E0226 05:31:04.857726   17664 watch.go:116] watchAllDir unable to walk dir `d:\\7s\\xuanwu\\dataconnect`: CreateFile d:\\7s\\xuanwu\\dataconnect: The system cannot find the file specified.\n"}}
[debug] [2026-02-25T21:31:04.866Z] I0226 05:31:04.866247   17664 dev.go:104] Listening on address (HTTP + gRPC): 127.0.0.1:50001
 {"metadata":{"emulator":{"name":"dataconnect"},"message":"I0226 05:31:04.866247   17664 dev.go:104] Listening on address (HTTP + gRPC): 127.0.0.1:50001\n"}}
[debug] [2026-02-25T21:31:04.941Z] <<< [apiv2][status] POST https://www.googleapis.com/oauth2/v3/token 200
[debug] [2026-02-25T21:31:04.941Z] <<< [apiv2][body] POST https://www.googleapis.com/oauth2/v3/token [omitted]
[debug] [2026-02-25T21:31:04.947Z] [Firebase Plugin] User found:  ac7x7x@gmail.com
[info] [Firebase Plugin] (Core:Project) New user detected, fetching projects
[debug] [2026-02-25T21:31:04.948Z] Checked if tokens are valid: true, expires at: 1772058663941
[debug] [2026-02-25T21:31:04.948Z] >>> [apiv2][query] GET https://firebase.googleapis.com/v1beta1/projects pageSize=1000
[error] [Firebase Plugin] error:  {}
[debug] [2026-02-25T21:31:05.543Z] <<< [apiv2][status] GET https://firebase.googleapis.com/v1beta1/projects 200
[debug] [2026-02-25T21:31:05.543Z] <<< [apiv2][body] GET https://firebase.googleapis.com/v1beta1/projects [omitted]
[debug] [2026-02-25T21:31:14.858Z] E0226 05:31:14.857966   17664 watch.go:40] Failed to load config from "d:\\7s\\xuanwu\\dataconnect": could not find dataconnect.yaml in `d:\7s\xuanwu\dataconnect`
 {"metadata":{"emulator":{"name":"dataconnect"},"message":"E0226 05:31:14.857966   17664 watch.go:40] Failed to load config from \"d:\\\\7s\\\\xuanwu\\\\dataconnect\": could not find dataconnect.yaml in `d:\\7s\\xuanwu\\dataconnect`\n"}}
[debug] [2026-02-25T21:31:24.858Z] E0226 05:31:24.857896   17664 watch.go:40] Failed to load config from "d:\\7s\\xuanwu\\dataconnect": could not find dataconnect.yaml in `d:\7s\xuanwu\dataconnect`
 {"metadata":{"emulator":{"name":"dataconnect"},"message":"E0226 05:31:24.857896   17664 watch.go:40] Failed to load config from \"d:\\\\7s\\\\xuanwu\\\\dataconnect\": could not find dataconnect.yaml in `d:\\7s\\xuanwu\\dataconnect`\n"}}
[debug] [2026-02-25T21:31:34.858Z] E0226 05:31:34.858266   17664 watch.go:40] Failed to load config from "d:\\7s\\xuanwu\\dataconnect": could not find dataconnect.yaml in `d:\7s\xuanwu\dataconnect`
 {"metadata":{"emulator":{"name":"dataconnect"},"message":"E0226 05:31:34.858266   17664 watch.go:40] Failed to load config from \"d:\\\\7s\\\\xuanwu\\\\dataconnect\": could not find dataconnect.yaml in `d:\\7s\\xuanwu\\dataconnect`\n"}}
[debug] [2026-02-25T21:31:44.858Z] E0226 05:31:44.858177   17664 watch.go:40] Failed to load config from "d:\\7s\\xuanwu\\dataconnect": could not find dataconnect.yaml in `d:\7s\xuanwu\dataconnect`
 {"metadata":{"emulator":{"name":"dataconnect"},"message":"E0226 05:31:44.858177   17664 watch.go:40] Failed to load config from \"d:\\\\7s\\\\xuanwu\\\\dataconnect\": could not find dataconnect.yaml in `d:\\7s\\xuanwu\\dataconnect`\n"}}
[debug] [2026-02-25T21:31:54.858Z] E0226 05:31:54.858001   17664 watch.go:40] Failed to load config from "d:\\7s\\xuanwu\\dataconnect": could not find dataconnect.yaml in `d:\7s\xuanwu\dataconnect`
 {"metadata":{"emulator":{"name":"dataconnect"},"message":"E0226 05:31:54.858001   17664 watch.go:40] Failed to load config from \"d:\\\\7s\\\\xuanwu\\\\dataconnect\": could not find dataconnect.yaml in `d:\\7s\\xuanwu\\dataconnect`\n"}}
